#
# There is insufficient memory for the Java Runtime Environment to continue.
# Native memory allocation (malloc) failed to allocate 1048576 bytes for AllocateHeap
# Possible reasons:
#   The system is out of physical RAM or swap space
#   The process is running with CompressedOops enabled, and the Java Heap may be blocking the growth of the native heap
# Possible solutions:
#   Reduce memory load on the system
#   Increase physical memory or swap space
#   Check if swap backing store is full
#   Decrease Java heap size (-Xmx/-Xms)
#   Decrease number of Java threads
#   Decrease Java thread stack sizes (-Xss)
#   Set larger code cache with -XX:ReservedCodeCacheSize=
#   JVM is running with Unscaled Compressed Oops mode in which the Java heap is
#     placed in the first 4GB address space. The Java Heap base address is the
#     maximum limit for the native heap growth. Please use -XX:HeapBaseMinAddress
#     to set the Java Heap base and to place the Java Heap above 4GB virtual address.
# This output file may be truncated or incomplete.
#
#  Out of Memory Error (memory/allocation.inline.hpp:61), pid=12596, tid=0x0000000000002c54
#
# JRE version:  (8.0_202-b39) (build )
# Java VM: OpenJDK 64-Bit Server VM (25.202-b39 mixed mode windows-amd64 compressed oops)
# Failed to write core dump. Minidumps are not enabled by default on client versions of Windows
#

---------------  T H R E A D  ---------------

Current thread (0x00000000027ce000):  JavaThread "Unknown thread" [_thread_in_vm, id=11348, stack(0x0000000002680000,0x0000000002780000)]

Stack: [0x0000000002680000,0x0000000002780000]
[error occurred during error reporting (printing stack bounds), id 0xc0000005]

Native frames: (J=compiled Java code, j=interpreted, Vv=VM code, C=native code)


---------------  P R O C E S S  ---------------

Java Threads: ( => current thread )

Other Threads:

=>0x00000000027ce000 (exited) JavaThread "Unknown thread" [_thread_in_vm, id=11348, stack(0x0000000002680000,0x0000000002780000)]

VM state:not at safepoint (normal execution)

VM Mutex/Monitor currently owned by a thread: None

heap address: 0x0000000081e00000, size: 2018 MB, Compressed Oops mode: 32-bit
Narrow klass base: 0x0000000000000000, Narrow klass shift: 3
Compressed class space size: 1073741824 Address: 0x0000000100000000

Heap:
 PSYoungGen      total 38400K, used 665K [0x00000000d5f80000, 0x00000000d8a00000, 0x0000000100000000)
  eden space 33280K, 2% used [0x00000000d5f80000,0x00000000d6026670,0x00000000d8000000)
  from space 5120K, 0% used [0x00000000d8500000,0x00000000d8500000,0x00000000d8a00000)
  to   space 5120K, 0% used [0x00000000d8000000,0x00000000d8000000,0x00000000d8500000)
 ParOldGen       total 87552K, used 0K [0x0000000081e00000, 0x0000000087380000, 0x00000000d5f80000)
  object space 87552K, 0% used [0x0000000081e00000,0x0000000081e00000,0x0000000087380000)
 Metaspace       used 777K, capacity 4480K, committed 4480K, reserved 1056768K
  class space    used 74K, capacity 384K, committed 384K, reserved 1048576K

Card table byte_map: [0x0000000011c90000,0x0000000012090000] byte_map_base: 0x0000000011881000

Marking Bits: (ParMarkBitMap*) 0x00000000645b9f30
 Begin Bits: [0x0000000012b40000, 0x0000000014ac8000)
 End Bits:   [0x0000000014ac8000, 0x0000000016a50000)

Polling page: 0x00000000008a0000

CodeCache: size=245760Kb used=328Kb max_used=328Kb free=245431Kb
 bounds [0x00000000028d0000, 0x0000000002b40000, 0x00000000118d0000]
 total_blobs=57 nmethods=0 adapters=38
 compilation: enabled

Compilation events (0 events):
No events

GC Heap History (0 events):
No events

Deoptimization events (0 events):
No events

Classes redefined (0 events):
No events

Internal exceptions (0 events):
No events

Events (10 events):
Event: 0.035 loading class java/lang/Short
Event: 0.035 loading class java/lang/Short done
Event: 0.035 loading class java/lang/Integer
Event: 0.036 loading class java/lang/Integer done
Event: 0.036 loading class java/lang/Long
Event: 0.036 loading class java/lang/Long done
Event: 0.037 loading class java/lang/NullPointerException
Event: 0.037 loading class java/lang/NullPointerException done
Event: 0.037 loading class java/lang/ArithmeticException
Event: 0.037 loading class java/lang/ArithmeticException done


Dynamic libraries:
0x00007ff620000000 - 0x00007ff620031000 	C:\Program Files\JetBrains\CLion 2018.3.4\jre64\bin\java.exe
0x00007fff80bd0000 - 0x00007fff80dbd000 	C:\Windows\SYSTEM32\ntdll.dll
0x00007fff7fac0000 - 0x00007fff7fb73000 	C:\Windows\System32\KERNEL32.DLL
0x00007fff7d0f0000 - 0x00007fff7d383000 	C:\Windows\System32\KERNELBASE.dll
0x00007fff80af0000 - 0x00007fff80b93000 	C:\Windows\System32\ADVAPI32.dll
0x00007fff80220000 - 0x00007fff802be000 	C:\Windows\System32\msvcrt.dll
0x00007fff80a50000 - 0x00007fff80aee000 	C:\Windows\System32\sechost.dll
0x00007fff7f790000 - 0x00007fff7f8b2000 	C:\Windows\System32\RPCRT4.dll
0x00007fff7fbb0000 - 0x00007fff7fd47000 	C:\Windows\System32\USER32.dll
0x00007fff7d390000 - 0x00007fff7d3b0000 	C:\Windows\System32\win32u.dll
0x00007fff7fb80000 - 0x00007fff7fba9000 	C:\Windows\System32\GDI32.dll
0x00007fff7cd50000 - 0x00007fff7ceea000 	C:\Windows\System32\gdi32full.dll
0x00007fff7db80000 - 0x00007fff7dc20000 	C:\Windows\System32\msvcp_win.dll
0x00007fff7cef0000 - 0x00007fff7cfea000 	C:\Windows\System32\ucrtbase.dll
0x00007fff6a3c0000 - 0x00007fff6a639000 	C:\Windows\WinSxS\amd64_microsoft.windows.common-controls_6595b64144ccf1df_6.0.17763.379_none_05b83be8071c94a1\COMCTL32.dll
0x00007fff7fef0000 - 0x00007fff8021d000 	C:\Windows\System32\combase.dll
0x00007fff7cca0000 - 0x00007fff7cd1e000 	C:\Windows\System32\bcryptPrimitives.dll
0x00007fff7df90000 - 0x00007fff7dfbe000 	C:\Windows\System32\IMM32.DLL
0x00000000654c0000 - 0x0000000065592000 	C:\Program Files\JetBrains\CLion 2018.3.4\jre64\bin\msvcr100.dll
0x0000000063df0000 - 0x0000000064636000 	C:\Program Files\JetBrains\CLion 2018.3.4\jre64\bin\server\jvm.dll
0x00007fff80980000 - 0x00007fff80988000 	C:\Windows\System32\PSAPI.DLL
0x00007fff5c470000 - 0x00007fff5c479000 	C:\Windows\SYSTEM32\WSOCK32.dll
0x00007fff77920000 - 0x00007fff77944000 	C:\Windows\SYSTEM32\WINMM.dll
0x00007fff6ebe0000 - 0x00007fff6ebea000 	C:\Windows\SYSTEM32\VERSION.dll
0x00007fff7f8d0000 - 0x00007fff7f93d000 	C:\Windows\System32\WS2_32.dll
0x00007fff778f0000 - 0x00007fff7791d000 	C:\Windows\SYSTEM32\winmmbase.dll
0x00007fff7d0a0000 - 0x00007fff7d0ea000 	C:\Windows\System32\cfgmgr32.dll
0x00007fff6fad0000 - 0x00007fff6fadf000 	C:\Program Files\JetBrains\CLion 2018.3.4\jre64\bin\verify.dll
0x00007fff609b0000 - 0x00007fff609d9000 	C:\Program Files\JetBrains\CLion 2018.3.4\jre64\bin\java.dll
0x00007fff6e680000 - 0x00007fff6e696000 	C:\Program Files\JetBrains\CLion 2018.3.4\jre64\bin\zip.dll

VM Arguments:
java_command: org.jetbrains.git4idea.http.GitAskPassApp Username for 'https://github.com': 
java_class_path (initial): C:/Program Files/JetBrains/CLion 2018.3.4/plugins/git4idea/lib/git4idea-rt.jar;C:/Program Files/JetBrains/CLion 2018.3.4/lib/xmlrpc-2.0.1.jar;C:/Program Files/JetBrains/CLion 2018.3.4/lib/commons-codec-1.10.jar;C:/Program Files/JetBrains/CLion 2018.3.4/lib/util.jar
Launcher Type: SUN_STANDARD

Environment Variables:
PATH=C:/Program Files/Git/mingw64/libexec/git-core;C:/Program Files/Git/mingw64/libexec/git-core;C:\Program Files\Git\mingw64\bin;C:\Program Files\Git\usr\bin;C:\Users\klyx_\bin;C:\MinGW\bin;C:\Program Files\Git\bin;C:\Windows;C:\Windows\System32\Wbem;C:\Windows\System32\WindowsPowerShell\v1.0\;C:\Windows\System32\OpenSSH\;C:\Program Files\Git\cmd;C:\Users\Freezky\AppData\Local\Programs\Python\Python37-32\;C:\Users\Freezky\AppData\Local\Programs\Python\Python37-32\Scripts;C:\Program Files\nodejs\;C:\Program Files\PuTTY\;C:\Program Files\Intel\WiFi\bin\;C:\Program Files\Common Files\Intel\WirelessCommon\;C:\Program Files (x86)\Vim\vim81\;C:\Windows\System32;C:\MinGW\mingw32\bin;C:\Users\klyx_\AppData\Local\Microsoft\WindowsApps;
USERNAME=klyx_
DISPLAY=:0.0
OS=Windows_NT
PROCESSOR_IDENTIFIER=Intel64 Family 6 Model 142 Stepping 10, GenuineIntel



---------------  S Y S T E M  ---------------

OS: Windows 10.0 , 64 bit Build 17763 (10.0.17763.379)

CPU:total 8 (initial active 8) (4 cores per cpu, 2 threads per core) family 6 model 142 stepping 10, cmov, cx8, fxsr, mmx, sse, sse2, sse3, ssse3, sse4.1, sse4.2, popcnt, avx, avx2, aes, clmul, erms, 3dnowpref, lzcnt, ht, tsc, tscinvbit, bmi1, bmi2, adx

Memory: 4k page, physical 8260328k(632892k free), swap 18746084k(5468k free)

vm_info: OpenJDK 64-Bit Server VM (25.202-b39) for windows-amd64 JRE (1.8.0_202-release-1483-b39), built on Mar  7 2019 22:58:46 by "builduser" with MS VC++ 10.0 (VS2010)

time: Sun Nov 24 18:35:34 2019
timezone: Eastern Standard Time
elapsed time: 0 seconds (0d 0h 0m 0s)

